  [1m[36m (33.7ms)[0m  [1mCREATE TABLE "posts" ("id" INTEGER PRIMARY KEY AUTOINCREMENT NOT NULL, "created_at" datetime NOT NULL, "updated_at" datetime NOT NULL) [0m
  [1m[35m (10.4ms)[0m  CREATE TABLE "schema_migrations" ("version" varchar(255) NOT NULL) 
  [1m[36m (17.7ms)[0m  [1mCREATE UNIQUE INDEX "unique_schema_migrations" ON "schema_migrations" ("version")[0m
  [1m[35m (0.2ms)[0m  SELECT version FROM "schema_migrations"
  [1m[36m (10.2ms)[0m  [1mINSERT INTO "schema_migrations" (version) VALUES ('20121019115657')[0m
  [1m[36m (43.7ms)[0m  [1mCREATE TABLE "posts" ("id" INTEGER PRIMARY KEY AUTOINCREMENT NOT NULL, "created_at" datetime NOT NULL, "updated_at" datetime NOT NULL) [0m
  [1m[35m (17.5ms)[0m  CREATE TABLE "schema_migrations" ("version" varchar(255) NOT NULL) 
  [1m[36m (12.1ms)[0m  [1mCREATE UNIQUE INDEX "unique_schema_migrations" ON "schema_migrations" ("version")[0m
  [1m[35m (0.4ms)[0m  SELECT version FROM "schema_migrations"
  [1m[36m (11.7ms)[0m  [1mINSERT INTO "schema_migrations" (version) VALUES ('20121019115657')[0m
  [1m[35mActiveRecord::SchemaMigration Load (0.7ms)[0m  SELECT "schema_migrations".* FROM "schema_migrations"
  [1m[36mSQL (16.4ms)[0m  [1mDELETE FROM "posts"[0m
  [1m[35m (0.1ms)[0m  begin transaction
  [1m[36mSQL (12.6ms)[0m  [1mINSERT INTO "posts" ("created_at", "id", "updated_at") VALUES (?, ?, ?)[0m  [["created_at", Sat, 12 Oct 2013 07:59:00 UTC +00:00], ["id", 1], ["updated_at", Sat, 12 Oct 2013 07:59:00 UTC +00:00]]
  [1m[35m (18.5ms)[0m  commit transaction


Started GET "/posts/1" for 127.0.0.1 at 2013-10-12 21:00:00 +1300
Processing by PostsController#show as */*
  Parameters: {"id"=>"1"}
  [1m[36mPost Load (0.5ms)[0m  [1mSELECT "posts".* FROM "posts" WHERE "posts"."id" = ? LIMIT 1[0m  [["id", "1"]]
  Rendered posts/show.html.erb within layouts/application (159.2ms)
Completed 500 Internal Server Error in 389ms

ActionView::Template::Error (undefined local variable or method `post' for #<#<Class:0x00000004a97c30>:0x00000004a96a10>):
    1: <%= render post %>
  app/views/posts/show.html.erb:1:in `_app_views_posts_show_html_erb__453077706549706851_36902160'


  Rendered /home/ronald/.rvm/gems/ruby-1.9.3-p125/gems/actionpack-4.0.0/lib/action_dispatch/middleware/templates/rescues/_trace.erb (1.5ms)
  Rendered /home/ronald/.rvm/gems/ruby-1.9.3-p125/gems/actionpack-4.0.0/lib/action_dispatch/middleware/templates/rescues/_request_and_response.erb (98.3ms)
  Rendered /home/ronald/.rvm/gems/ruby-1.9.3-p125/gems/actionpack-4.0.0/lib/action_dispatch/middleware/templates/rescues/template_error.erb within rescues/layout (125.3ms)


Started GET "/posts/1/mail" for 127.0.0.1 at 2013-10-12 21:00:03 +1300
Processing by PostsController#mail as */*
  Parameters: {"id"=>"1"}
  [1m[35mPost Load (0.3ms)[0m  SELECT "posts".* FROM "posts" WHERE "posts"."id" = ? LIMIT 1  [["id", "1"]]
  Rendered posts/_post.html.erb (128.7ms)
  Rendered post_mailer/presented_email.html.erb within layouts/application (139.8ms)

Sent mail to to@example.com (30.9ms)
Date: Sat, 12 Oct 2013 21:00:07 +1300
From: from@example.com
To: to@example.com
Message-ID: <52590187720b2_32c02283e3882533@ronald-ubuntu.mail>
Subject: A presented post
Mime-Version: 1.0
Content-Type: text/html;
 charset=UTF-8
Content-Transfer-Encoding: 7bit

<!DOCTYPE html>
<html>
<head>
  <title>Dummy</title>
</head>
<body>

<dl>
  <dt>Environment:</dt>
  <dd id="environment">development</dd>

  <dt>StrongPresenter view context controller:</dt>
  <dd id="controller">PostMailer</dd>

  <dt>Posted:</dt>
  <dd id="posted_date">Today</dd>

  <dt>Built-in helpers:</dt>
  <dd id="truncated">Once upon a...</dd>

  <dt>Built-in private helpers:</dt>
  <dd id="html_escaped">&lt;script&gt;danger&lt;/script&gt;</dd>

  <dt>Helpers from app/helpers:</dt>
  <dd id="hello_world">Hello, world!</dd>

  <dt>Helpers from the controller:</dt>
  <dd id="goodnight_moon">Goodnight, moon!</dd>

  <dt>Path with presenter:</dt>
  <dd id="path_with_presenter">/en/posts/1</dd>

  <dt>Path with model:</dt>
  <dd id="path_with_model">/en/posts/1</dd>

  <dt>Path with id:</dt>
  <dd id="path_with_id">/en/posts/1</dd>

  <dt>URL with presenter:</dt>
  <dd id="url_with_presenter">http://www.example.com:12345/en/posts/1</dd>

  <dt>URL with model:</dt>
  <dd id="url_with_model">http://www.example.com:12345/en/posts/1</dd>

  <dt>URL with id:</dt>
  <dd id="url_with_id">http://www.example.com:12345/en/posts/1</dd>
</dl>



</body>
</html>

  Rendered text template (0.0ms)
Completed 200 OK in 4373ms (Views: 8.6ms | ActiveRecord: 0.3ms)
  [1m[36m (1072.3ms)[0m  [1mCREATE TABLE "posts" ("id" INTEGER PRIMARY KEY AUTOINCREMENT NOT NULL, "created_at" datetime NOT NULL, "updated_at" datetime NOT NULL) [0m
  [1m[35m (393.9ms)[0m  CREATE TABLE "schema_migrations" ("version" varchar(255) NOT NULL) 
  [1m[36m (533.6ms)[0m  [1mCREATE UNIQUE INDEX "unique_schema_migrations" ON "schema_migrations" ("version")[0m
  [1m[35m (0.2ms)[0m  SELECT version FROM "schema_migrations"
  [1m[36m (342.5ms)[0m  [1mINSERT INTO "schema_migrations" (version) VALUES ('20121019115657')[0m
  [1m[35mActiveRecord::SchemaMigration Load (0.2ms)[0m  SELECT "schema_migrations".* FROM "schema_migrations"
  [1m[36mSQL (470.4ms)[0m  [1mDELETE FROM "posts"[0m
  [1m[35m (0.1ms)[0m  begin transaction
  [1m[36mSQL (16.0ms)[0m  [1mINSERT INTO "posts" ("created_at", "id", "updated_at") VALUES (?, ?, ?)[0m  [["created_at", Sun, 13 Oct 2013 01:08:45 UTC +00:00], ["id", 1], ["updated_at", Sun, 13 Oct 2013 01:08:45 UTC +00:00]]
  [1m[35m (406.5ms)[0m  commit transaction
  [1m[36m (1516.1ms)[0m  [1mCREATE TABLE "posts" ("id" INTEGER PRIMARY KEY AUTOINCREMENT NOT NULL, "created_at" datetime NOT NULL, "updated_at" datetime NOT NULL) [0m
  [1m[35m (1836.1ms)[0m  CREATE TABLE "schema_migrations" ("version" varchar(255) NOT NULL) 
  [1m[36m (3106.2ms)[0m  [1mCREATE UNIQUE INDEX "unique_schema_migrations" ON "schema_migrations" ("version")[0m
  [1m[35m (0.4ms)[0m  SELECT version FROM "schema_migrations"
  [1m[36m (1000.0ms)[0m  [1mINSERT INTO "schema_migrations" (version) VALUES ('20121019115657')[0m
  [1m[35mActiveRecord::SchemaMigration Load (0.1ms)[0m  SELECT "schema_migrations".* FROM "schema_migrations"
  [1m[36mSQL (1618.5ms)[0m  [1mDELETE FROM "posts"[0m
  [1m[35m (0.2ms)[0m  begin transaction
  [1m[36mSQL (32.1ms)[0m  [1mINSERT INTO "posts" ("created_at", "id", "updated_at") VALUES (?, ?, ?)[0m  [["created_at", Sun, 13 Oct 2013 01:23:07 UTC +00:00], ["id", 1], ["updated_at", Sun, 13 Oct 2013 01:23:07 UTC +00:00]]
  [1m[35m (1022.2ms)[0m  commit transaction


Started GET "/posts/1" for 127.0.0.1 at 2013-10-13 14:24:11 +1300
Processing by PostsController#show as */*
  Parameters: {"id"=>"1"}
  [1m[36mPost Load (4.6ms)[0m  [1mSELECT "posts".* FROM "posts" WHERE "posts"."id" = ? LIMIT 1[0m  [["id", "1"]]
  Rendered posts/show.html.erb within layouts/application (111.1ms)
Completed 500 Internal Server Error in 339ms

ActionView::Template::Error (wrong number of arguments (0 for 1)):
    1: <%= render post %>
  app/views/posts/show.html.erb:1:in `_app_views_posts_show_html_erb___2539476456878778694_23804920'


  Rendered /home/ronald/.rvm/gems/ruby-1.9.3-p125/gems/actionpack-4.0.0/lib/action_dispatch/middleware/templates/rescues/_trace.erb (6.6ms)
  Rendered /home/ronald/.rvm/gems/ruby-1.9.3-p125/gems/actionpack-4.0.0/lib/action_dispatch/middleware/templates/rescues/_request_and_response.erb (72.5ms)
  Rendered /home/ronald/.rvm/gems/ruby-1.9.3-p125/gems/actionpack-4.0.0/lib/action_dispatch/middleware/templates/rescues/template_error.erb within rescues/layout (113.3ms)


Started GET "/posts/1/mail" for 127.0.0.1 at 2013-10-13 14:24:14 +1300
Processing by PostsController#mail as */*
  Parameters: {"id"=>"1"}
  [1m[35mPost Load (0.2ms)[0m  SELECT "posts".* FROM "posts" WHERE "posts"."id" = ? LIMIT 1  [["id", "1"]]
  Rendered posts/_post.html.erb (11.4ms)
  Rendered post_mailer/presented_email.html.erb within layouts/application (152.2ms)

Sent mail to to@example.com (45.6ms)
Date: Sun, 13 Oct 2013 14:24:16 +1300
From: from@example.com
To: to@example.com
Message-ID: <5259f640c7f66_3a8420643a082631@ronald-ubuntu.mail>
Subject: A presented post
Mime-Version: 1.0
Content-Type: text/html;
 charset=UTF-8
Content-Transfer-Encoding: 7bit

<!DOCTYPE html>
<html>
<head>
  <title>Dummy</title>
</head>
<body>

<dl>
  <dt>Environment:</dt>
  <dd id="environment">development</dd>

  <dt>StrongPresenter view context controller:</dt>
  <dd id="controller">PostMailer</dd>

  <dt>Posted:</dt>
  <dd id="posted_date">Today</dd>

  <dt>Built-in helpers:</dt>
  <dd id="truncated">Once upon a...</dd>

  <dt>Built-in private helpers:</dt>
  <dd id="html_escaped">&lt;script&gt;danger&lt;/script&gt;</dd>

  <dt>Helpers from app/helpers:</dt>
  <dd id="hello_world">Hello, world!</dd>

  <dt>Helpers from the controller:</dt>
  <dd id="goodnight_moon">Goodnight, moon!</dd>

  <dt>Path with presenter:</dt>
  <dd id="path_with_presenter">/en/posts/1</dd>

  <dt>Path with model:</dt>
  <dd id="path_with_model">/en/posts/1</dd>

  <dt>Path with id:</dt>
  <dd id="path_with_id">/en/posts/1</dd>

  <dt>URL with presenter:</dt>
  <dd id="url_with_presenter">http://www.example.com:12345/en/posts/1</dd>

  <dt>URL with model:</dt>
  <dd id="url_with_model">http://www.example.com:12345/en/posts/1</dd>

  <dt>URL with id:</dt>
  <dd id="url_with_id">http://www.example.com:12345/en/posts/1</dd>
</dl>



</body>
</html>

  Rendered text template (0.1ms)
Completed 200 OK in 2777ms (Views: 8.7ms | ActiveRecord: 0.2ms)
  [1m[36m (542.5ms)[0m  [1mCREATE TABLE "posts" ("id" INTEGER PRIMARY KEY AUTOINCREMENT NOT NULL, "created_at" datetime NOT NULL, "updated_at" datetime NOT NULL) [0m
  [1m[35m (623.5ms)[0m  CREATE TABLE "schema_migrations" ("version" varchar(255) NOT NULL) 
  [1m[36m (684.2ms)[0m  [1mCREATE UNIQUE INDEX "unique_schema_migrations" ON "schema_migrations" ("version")[0m
  [1m[35m (0.2ms)[0m  SELECT version FROM "schema_migrations"
  [1m[36m (489.0ms)[0m  [1mINSERT INTO "schema_migrations" (version) VALUES ('20121019115657')[0m
  [1m[35mActiveRecord::SchemaMigration Load (0.2ms)[0m  SELECT "schema_migrations".* FROM "schema_migrations"
  [1m[36mSQL (369.7ms)[0m  [1mDELETE FROM "posts"[0m
  [1m[35m (0.1ms)[0m  begin transaction
  [1m[36mSQL (10.8ms)[0m  [1mINSERT INTO "posts" ("created_at", "id", "updated_at") VALUES (?, ?, ?)[0m  [["created_at", Sun, 13 Oct 2013 01:26:47 UTC +00:00], ["id", 1], ["updated_at", Sun, 13 Oct 2013 01:26:47 UTC +00:00]]
  [1m[35m (364.3ms)[0m  commit transaction


Started GET "/posts/1" for 127.0.0.1 at 2013-10-13 14:28:28 +1300
Processing by PostsController#show as */*
  Parameters: {"id"=>"1"}
  [1m[36mPost Load (0.3ms)[0m  [1mSELECT "posts".* FROM "posts" WHERE "posts"."id" = ? LIMIT 1[0m  [["id", "1"]]
  Rendered posts/_post.html.erb (119.3ms)
  Rendered posts/show.html.erb within layouts/application (141.0ms)
Completed 200 OK in 319ms (Views: 271.6ms | ActiveRecord: 4.1ms)


Started GET "/posts/1/mail" for 127.0.0.1 at 2013-10-13 14:28:30 +1300
Processing by PostsController#mail as */*
  Parameters: {"id"=>"1"}
  [1m[35mPost Load (0.2ms)[0m  SELECT "posts".* FROM "posts" WHERE "posts"."id" = ? LIMIT 1  [["id", "1"]]
  Rendered posts/_post.html.erb (3.9ms)
  Rendered post_mailer/presented_email.html.erb within layouts/application (10.0ms)

Sent mail to to@example.com (36.7ms)
Date: Sun, 13 Oct 2013 14:28:32 +1300
From: from@example.com
To: to@example.com
Message-ID: <5259f740af24a_3acd286697c634b5@ronald-ubuntu.mail>
Subject: A presented post
Mime-Version: 1.0
Content-Type: text/html;
 charset=UTF-8
Content-Transfer-Encoding: 7bit

<!DOCTYPE html>
<html>
<head>
  <title>Dummy</title>
</head>
<body>

<dl>
  <dt>Environment:</dt>
  <dd id="environment">development</dd>

  <dt>StrongPresenter view context controller:</dt>
  <dd id="controller">PostMailer</dd>

  <dt>Posted:</dt>
  <dd id="posted_date">Today</dd>

  <dt>Built-in helpers:</dt>
  <dd id="truncated">Once upon a...</dd>

  <dt>Built-in private helpers:</dt>
  <dd id="html_escaped">&lt;script&gt;danger&lt;/script&gt;</dd>

  <dt>Helpers from app/helpers:</dt>
  <dd id="hello_world">Hello, world!</dd>

  <dt>Helpers from the controller:</dt>
  <dd id="goodnight_moon">Goodnight, moon!</dd>

  <dt>Path with presenter:</dt>
  <dd id="path_with_presenter">/en/posts/1</dd>

  <dt>Path with model:</dt>
  <dd id="path_with_model">/en/posts/1</dd>

  <dt>Path with id:</dt>
  <dd id="path_with_id">/en/posts/1</dd>

  <dt>URL with presenter:</dt>
  <dd id="url_with_presenter">http://www.example.com:12345/en/posts/1</dd>

  <dt>URL with model:</dt>
  <dd id="url_with_model">http://www.example.com:12345/en/posts/1</dd>

  <dt>URL with id:</dt>
  <dd id="url_with_id">http://www.example.com:12345/en/posts/1</dd>
</dl>



</body>
</html>

  Rendered text template (0.1ms)
Completed 200 OK in 2550ms (Views: 8.8ms | ActiveRecord: 0.2ms)
  [1m[36m (98.4ms)[0m  [1mCREATE TABLE "posts" ("id" INTEGER PRIMARY KEY AUTOINCREMENT NOT NULL, "created_at" datetime NOT NULL, "updated_at" datetime NOT NULL) [0m
  [1m[35m (18.4ms)[0m  CREATE TABLE "schema_migrations" ("version" varchar(255) NOT NULL) 
  [1m[36m (19.3ms)[0m  [1mCREATE UNIQUE INDEX "unique_schema_migrations" ON "schema_migrations" ("version")[0m
  [1m[35m (0.2ms)[0m  SELECT version FROM "schema_migrations"
  [1m[36m (27.2ms)[0m  [1mINSERT INTO "schema_migrations" (version) VALUES ('20121019115657')[0m
  [1m[35mActiveRecord::SchemaMigration Load (0.1ms)[0m  SELECT "schema_migrations".* FROM "schema_migrations"
  [1m[36mSQL (29.6ms)[0m  [1mDELETE FROM "posts"[0m
  [1m[35m (0.0ms)[0m  begin transaction
  [1m[36mSQL (101.1ms)[0m  [1mINSERT INTO "posts" ("created_at", "id", "updated_at") VALUES (?, ?, ?)[0m  [["created_at", Sun, 13 Oct 2013 02:45:43 UTC +00:00], ["id", 1], ["updated_at", Sun, 13 Oct 2013 02:45:43 UTC +00:00]]
  [1m[35m (15.5ms)[0m  commit transaction


Started GET "/posts/1" for 127.0.0.1 at 2013-10-13 15:46:27 +1300
Processing by PostsController#show as */*
  Parameters: {"id"=>"1"}
  [1m[36mPost Load (0.4ms)[0m  [1mSELECT "posts".* FROM "posts" WHERE "posts"."id" = ? LIMIT 1[0m  [["id", "1"]]
  Rendered posts/_post.html.erb (18.7ms)
  Rendered posts/show.html.erb within layouts/application (116.1ms)
Completed 200 OK in 279ms (Views: 227.8ms | ActiveRecord: 8.2ms)


Started GET "/posts/1/mail" for 127.0.0.1 at 2013-10-13 15:46:29 +1300
Processing by PostsController#mail as */*
  Parameters: {"id"=>"1"}
  [1m[35mPost Load (0.4ms)[0m  SELECT "posts".* FROM "posts" WHERE "posts"."id" = ? LIMIT 1  [["id", "1"]]
  Rendered posts/_post.html.erb (7.6ms)
  Rendered post_mailer/presented_email.html.erb within layouts/application (9.3ms)

Sent mail to to@example.com (159.9ms)
Date: Sun, 13 Oct 2013 15:46:31 +1300
From: from@example.com
To: to@example.com
Message-ID: <525a0987c3949_43641e8082c394fd@ronald-ubuntu.mail>
Subject: A presented post
Mime-Version: 1.0
Content-Type: text/html;
 charset=UTF-8
Content-Transfer-Encoding: 7bit

<!DOCTYPE html>
<html>
<head>
  <title>Dummy</title>
</head>
<body>

<dl>
  <dt>Environment:</dt>
  <dd id="environment">development</dd>

  <dt>StrongPresenter view context controller:</dt>
  <dd id="controller">PostMailer</dd>

  <dt>Posted:</dt>
  <dd id="posted_date">Today</dd>

  <dt>Built-in helpers:</dt>
  <dd id="truncated">Once upon a...</dd>

  <dt>Built-in private helpers:</dt>
  <dd id="html_escaped">&lt;script&gt;danger&lt;/script&gt;</dd>

  <dt>Helpers from app/helpers:</dt>
  <dd id="hello_world">Hello, world!</dd>

  <dt>Helpers from the controller:</dt>
  <dd id="goodnight_moon">Goodnight, moon!</dd>

  <dt>Path with presenter:</dt>
  <dd id="path_with_presenter">/en/posts/1</dd>

  <dt>Path with model:</dt>
  <dd id="path_with_model">/en/posts/1</dd>

  <dt>Path with id:</dt>
  <dd id="path_with_id">/en/posts/1</dd>

  <dt>URL with presenter:</dt>
  <dd id="url_with_presenter">http://www.example.com:12345/en/posts/1</dd>

  <dt>URL with model:</dt>
  <dd id="url_with_model">http://www.example.com:12345/en/posts/1</dd>

  <dt>URL with id:</dt>
  <dd id="url_with_id">http://www.example.com:12345/en/posts/1</dd>


</dl>



</body>
</html>

  Rendered text template (0.1ms)
Completed 200 OK in 2219ms (Views: 19.6ms | ActiveRecord: 0.4ms)


Started GET "/" for 127.0.0.1 at 2013-10-13 15:49:52 +1300
Processing by Rails::WelcomeController#index as HTML
  Rendered /home/ronald/.rvm/gems/ruby-1.9.3-p125/gems/railties-4.0.0/lib/rails/templates/rails/welcome/index.html.erb (4.5ms)
Completed 200 OK in 194ms (Views: 193.3ms | ActiveRecord: 0.0ms)


Started GET "/posts/1" for 127.0.0.1 at 2013-10-13 15:50:35 +1300
Processing by PostsController#show as HTML
  Parameters: {"id"=>"1"}
  [1m[36mPost Load (0.6ms)[0m  [1mSELECT "posts".* FROM "posts" WHERE "posts"."id" = ? LIMIT 1[0m  [["id", "1"]]
  Rendered posts/_post.html.erb (46.2ms)
  Rendered posts/show.html.erb within layouts/application (196.0ms)
Completed 200 OK in 339ms (Views: 199.6ms | ActiveRecord: 29.1ms)


Started GET "/posts/1" for 127.0.0.1 at 2013-10-13 15:51:28 +1300
Processing by PostsController#show as HTML
  Parameters: {"id"=>"1"}
  [1m[35mPost Load (0.4ms)[0m  SELECT "posts".* FROM "posts" WHERE "posts"."id" = ? LIMIT 1  [["id", "1"]]

***** Debugger requested, but was not available (ensure the debugger gem is listed in Gemfile/installed as gem): Start server with --debugger to enable *****

  Rendered posts/_post.html.erb (18.8ms)
  Rendered posts/show.html.erb within layouts/application (29.9ms)
Completed 200 OK in 40ms (Views: 37.5ms | ActiveRecord: 0.4ms)


Started GET "/posts/1" for 127.0.0.1 at 2013-10-13 15:52:16 +1300
Processing by PostsController#show as HTML
  Parameters: {"id"=>"1"}
  [1m[36mPost Load (0.4ms)[0m  [1mSELECT "posts".* FROM "posts" WHERE "posts"."id" = ? LIMIT 1[0m  [["id", "1"]]
  Rendered posts/_post.html.erb (113510.0ms)
  Rendered posts/show.html.erb within layouts/application (113570.1ms)
Completed 200 OK in 114531ms (Views: 114060.0ms | ActiveRecord: 32.7ms)


Started GET "/posts/1" for 127.0.0.1 at 2013-10-13 15:54:38 +1300
Processing by PostsController#show as HTML
  Parameters: {"id"=>"1"}
  [1m[35mPost Load (0.3ms)[0m  SELECT "posts".* FROM "posts" WHERE "posts"."id" = ? LIMIT 1  [["id", "1"]]
  Rendered posts/_post.html.erb (16939.7ms)
  Rendered posts/show.html.erb within layouts/application (16941.2ms)
Completed 200 OK in 16961ms (Views: 16952.0ms | ActiveRecord: 0.3ms)


Started GET "/posts/1" for 127.0.0.1 at 2013-10-13 15:55:23 +1300
Processing by PostsController#show as HTML
  Parameters: {"id"=>"1"}
  [1m[36mPost Load (1.0ms)[0m  [1mSELECT "posts".* FROM "posts" WHERE "posts"."id" = ? LIMIT 1[0m  [["id", "1"]]
  Rendered posts/_post.html.erb (48.9ms)
  Rendered posts/show.html.erb within layouts/application (51.0ms)
Completed 200 OK in 128ms (Views: 54.5ms | ActiveRecord: 1.9ms)


Started GET "/posts/1" for 127.0.0.1 at 2013-10-13 15:55:44 +1300
Processing by PostsController#show as HTML
  Parameters: {"id"=>"1"}
  [1m[35mPost Load (0.3ms)[0m  SELECT "posts".* FROM "posts" WHERE "posts"."id" = ? LIMIT 1  [["id", "1"]]
  Rendered posts/_post.html.erb (124651.0ms)
  Rendered posts/show.html.erb within layouts/application (124657.1ms)
Completed 200 OK in 124704ms (Views: 124700.4ms | ActiveRecord: 0.3ms)


Started GET "/posts/1" for 127.0.0.1 at 2013-10-13 15:58:03 +1300
Processing by PostsController#show as HTML
  Parameters: {"id"=>"1"}
  [1m[36mPost Load (0.4ms)[0m  [1mSELECT "posts".* FROM "posts" WHERE "posts"."id" = ? LIMIT 1[0m  [["id", "1"]]
  Rendered posts/show.html.erb within layouts/application (242.1ms)
Completed 500 Internal Server Error in 310ms

ActionView::Template::Error (undefined local variable or method `post' for #<#<Class:0x00000004e9b4f8>:0x00000004e9a580>):
    1: <%= render post %>
  app/views/posts/show.html.erb:1:in `_app_views_posts_show_html_erb__722997859433643698_40730840'


  Rendered /home/ronald/.rvm/gems/ruby-1.9.3-p125/gems/actionpack-4.0.0/lib/action_dispatch/middleware/templates/rescues/_trace.erb (2.7ms)
  Rendered /home/ronald/.rvm/gems/ruby-1.9.3-p125/gems/actionpack-4.0.0/lib/action_dispatch/middleware/templates/rescues/_request_and_response.erb (99.9ms)
  Rendered /home/ronald/.rvm/gems/ruby-1.9.3-p125/gems/actionpack-4.0.0/lib/action_dispatch/middleware/templates/rescues/template_error.erb within rescues/layout (168.4ms)


Started GET "/posts/1" for 127.0.0.1 at 2013-10-13 15:58:37 +1300
Processing by PostsController#show as HTML
  Parameters: {"id"=>"1"}
  [1m[35mPost Load (0.6ms)[0m  SELECT "posts".* FROM "posts" WHERE "posts"."id" = ? LIMIT 1  [["id", "1"]]
  Rendered posts/_post.html.erb (12.4ms)
  Rendered posts/show.html.erb within layouts/application (51800.0ms)
Completed 200 OK in 73795ms (Views: 67660.1ms | ActiveRecord: 2.5ms)


Started GET "/posts/1" for 127.0.0.1 at 2013-10-13 16:00:30 +1300
Processing by PostsController#show as HTML
  Parameters: {"id"=>"1"}
  [1m[36mPost Load (0.6ms)[0m  [1mSELECT "posts".* FROM "posts" WHERE "posts"."id" = ? LIMIT 1[0m  [["id", "1"]]
  Rendered posts/_post.html.erb (10.1ms)
  Rendered posts/show.html.erb within layouts/application (23974.7ms)
Completed 200 OK in 24029ms (Views: 24009.8ms | ActiveRecord: 0.6ms)


Started GET "/posts/1" for 127.0.0.1 at 2013-10-13 16:01:35 +1300
Processing by PostsController#show as HTML
  Parameters: {"id"=>"1"}
  [1m[35mPost Load (0.4ms)[0m  SELECT "posts".* FROM "posts" WHERE "posts"."id" = ? LIMIT 1  [["id", "1"]]
  Rendered posts/show.html.erb within layouts/application (10392.5ms)
Completed 500 Internal Server Error in 10449ms

ActionView::Template::Error (undefined method `each' for 2:Fixnum):
    1: <% debugger %>
    2: <% post %>
    3: <% 1..2.each do |v| %>
    4:   <% asdf=v %>
    5: <% end %>
    6: <%= asdf %>
  app/views/posts/show.html.erb:3:in `_app_views_posts_show_html_erb__722997859433643698_39997980'


  Rendered /home/ronald/.rvm/gems/ruby-1.9.3-p125/gems/actionpack-4.0.0/lib/action_dispatch/middleware/templates/rescues/_trace.erb (10.5ms)
  Rendered /home/ronald/.rvm/gems/ruby-1.9.3-p125/gems/actionpack-4.0.0/lib/action_dispatch/middleware/templates/rescues/_request_and_response.erb (17.0ms)
  Rendered /home/ronald/.rvm/gems/ruby-1.9.3-p125/gems/actionpack-4.0.0/lib/action_dispatch/middleware/templates/rescues/template_error.erb within rescues/layout (88.7ms)


Started GET "/posts/1" for 127.0.0.1 at 2013-10-13 16:02:13 +1300
Processing by PostsController#show as HTML
  Parameters: {"id"=>"1"}
  [1m[36mPost Load (0.6ms)[0m  [1mSELECT "posts".* FROM "posts" WHERE "posts"."id" = ? LIMIT 1[0m  [["id", "1"]]
  Rendered posts/show.html.erb within layouts/application (15147.6ms)
Completed 500 Internal Server Error in 15540ms

ActionView::Template::Error (undefined local variable or method `asdf' for #<#<Class:0x00000004e47f60>:0x00000004e462c8>):
    3: <% [1,2,3].each do |v| %>
    4:   <% asdf=v %>
    5: <% end %>
    6: <%= asdf %>
    7: <%= render post %>
  app/views/posts/show.html.erb:6:in `_app_views_posts_show_html_erb___666321845009455738_40180880'


  Rendered /home/ronald/.rvm/gems/ruby-1.9.3-p125/gems/actionpack-4.0.0/lib/action_dispatch/middleware/templates/rescues/_trace.erb (8.6ms)
  Rendered /home/ronald/.rvm/gems/ruby-1.9.3-p125/gems/actionpack-4.0.0/lib/action_dispatch/middleware/templates/rescues/_request_and_response.erb (148.7ms)
  Rendered /home/ronald/.rvm/gems/ruby-1.9.3-p125/gems/actionpack-4.0.0/lib/action_dispatch/middleware/templates/rescues/template_error.erb within rescues/layout (211.2ms)


Started GET "/posts/1" for 127.0.0.1 at 2013-10-13 16:02:52 +1300
Processing by PostsController#show as HTML
  Parameters: {"id"=>"1"}
  [1m[35mPost Load (0.3ms)[0m  SELECT "posts".* FROM "posts" WHERE "posts"."id" = ? LIMIT 1  [["id", "1"]]
  Rendered posts/_post.html.erb (36.1ms)
  Rendered posts/show.html.erb within layouts/application (254063.7ms)
Completed 200 OK in 254197ms (Views: 254139.2ms | ActiveRecord: 0.3ms)


Started GET "/posts/1" for 127.0.0.1 at 2013-10-13 16:10:14 +1300
Processing by PostsController#show as HTML
  Parameters: {"id"=>"1"}
  [1m[36mPost Load (0.8ms)[0m  [1mSELECT "posts".* FROM "posts" WHERE "posts"."id" = ? LIMIT 1[0m  [["id", "1"]]
  Rendered posts/_post.html.erb (39.3ms)
  Rendered posts/show.html.erb within layouts/application (59.5ms)
Completed 200 OK in 413ms (Views: 262.6ms | ActiveRecord: 9.5ms)


Started GET "/posts/1" for 127.0.0.1 at 2013-10-13 16:15:27 +1300
Processing by PostsController#show as */*
  Parameters: {"id"=>"1"}
  [1m[36mPost Load (0.3ms)[0m  [1mSELECT "posts".* FROM "posts" WHERE "posts"."id" = ? LIMIT 1[0m  [["id", "1"]]
  Rendered posts/_post.html.erb (21.5ms)
  Rendered posts/show.html.erb within layouts/application (109.7ms)
Completed 200 OK in 243ms (Views: 212.2ms | ActiveRecord: 7.1ms)


Started GET "/posts/1/mail" for 127.0.0.1 at 2013-10-13 16:15:30 +1300
Processing by PostsController#mail as */*
  Parameters: {"id"=>"1"}
  [1m[35mPost Load (0.3ms)[0m  SELECT "posts".* FROM "posts" WHERE "posts"."id" = ? LIMIT 1  [["id", "1"]]
  Rendered posts/_post.html.erb (7.6ms)
  Rendered post_mailer/presented_email.html.erb within layouts/application (9.8ms)

Sent mail to to@example.com (130.2ms)
Date: Sun, 13 Oct 2013 16:15:37 +1300
From: from@example.com
To: to@example.com
Message-ID: <525a1059bbad1_464a18750f46157f@ronald-ubuntu.mail>
Subject: A presented post
Mime-Version: 1.0
Content-Type: text/html;
 charset=UTF-8
Content-Transfer-Encoding: 7bit

<!DOCTYPE html>
<html>
<head>
  <title>Dummy</title>
</head>
<body>

<dl>
  <dt>Environment:</dt>
  <dd id="environment">development</dd>

  <dt>StrongPresenter view context controller:</dt>
  <dd id="controller">PostMailer</dd>

  <dt>Posted:</dt>
  <dd id="posted_date">Today</dd>

  <dt>Built-in helpers:</dt>
  <dd id="truncated">Once upon a...</dd>

  <dt>Built-in private helpers:</dt>
  <dd id="html_escaped">&lt;script&gt;danger&lt;/script&gt;</dd>

  <dt>Helpers from app/helpers:</dt>
  <dd id="hello_world">Hello, world!</dd>

  <dt>Helpers from the controller:</dt>
  <dd id="goodnight_moon">Goodnight, moon!</dd>

  <dt>Path with presenter:</dt>
  <dd id="path_with_presenter">/en/posts/1</dd>

  <dt>Path with model:</dt>
  <dd id="path_with_model">/en/posts/1</dd>

  <dt>Path with id:</dt>
  <dd id="path_with_id">/en/posts/1</dd>

  <dt>URL with presenter:</dt>
  <dd id="url_with_presenter">http://www.example.com:12345/en/posts/1</dd>

  <dt>URL with model:</dt>
  <dd id="url_with_model">http://www.example.com:12345/en/posts/1</dd>

  <dt>URL with id:</dt>
  <dd id="url_with_id">http://www.example.com:12345/en/posts/1</dd>


</dl>



</body>
</html>

  Rendered text template (0.0ms)
Completed 200 OK in 7073ms (Views: 4.2ms | ActiveRecord: 0.3ms)


Started GET "/posts/1" for 127.0.0.1 at 2013-10-13 16:17:09 +1300
Processing by PostsController#show as */*
  Parameters: {"id"=>"1"}
  [1m[36mPost Load (0.5ms)[0m  [1mSELECT "posts".* FROM "posts" WHERE "posts"."id" = ? LIMIT 1[0m  [["id", "1"]]
  Rendered posts/_post.html.erb (12.3ms)
  Rendered posts/show.html.erb within layouts/application (162.2ms)
Completed 200 OK in 352ms (Views: 318.6ms | ActiveRecord: 9.3ms)


Started GET "/posts/1/mail" for 127.0.0.1 at 2013-10-13 16:17:13 +1300
Processing by PostsController#mail as */*
  Parameters: {"id"=>"1"}
  [1m[35mPost Load (0.8ms)[0m  SELECT "posts".* FROM "posts" WHERE "posts"."id" = ? LIMIT 1  [["id", "1"]]
  Rendered posts/_post.html.erb (121.0ms)
  Rendered post_mailer/presented_email.html.erb within layouts/application (122.7ms)
Completed 500 Internal Server Error in 2393ms

ActionView::Template::Error (undefined method `unpermitted' for #<Post:0x000000031cdd58>):
    38:   <dt>URL with id:</dt>
    39:   <dd id="url_with_id"><%= post.url_with_id %></dd>
    40: 
    41:   <% post.presents :permit_to_present, :unpermitted do |key, value| %>
    42:     <dt><%= key.to_s.humanize %>:</dt>
    43:     <dd id="<%= key.to_s %>"><%= value %></dd>
    44:   <% end %>
  app/views/posts/_post.html.erb:41:in `_app_views_posts__post_html_erb___2889809245904264390_24479840'
  app/views/post_mailer/presented_email.html.erb:1:in `_app_views_post_mailer_presented_email_html_erb___95571060818342782_22224600'
  app/mailers/post_mailer.rb:10:in `presented_email'
  app/controllers/posts_controller.rb:15:in `mail'


  Rendered /home/ronald/.rvm/gems/ruby-1.9.3-p125/gems/actionpack-4.0.0/lib/action_dispatch/middleware/templates/rescues/_trace.erb (2.1ms)
  Rendered /home/ronald/.rvm/gems/ruby-1.9.3-p125/gems/actionpack-4.0.0/lib/action_dispatch/middleware/templates/rescues/_request_and_response.erb (62.9ms)
  Rendered /home/ronald/.rvm/gems/ruby-1.9.3-p125/gems/actionpack-4.0.0/lib/action_dispatch/middleware/templates/rescues/template_error.erb within rescues/layout (112.5ms)


Started GET "/posts/1" for 127.0.0.1 at 2013-10-13 16:22:28 +1300
Processing by PostsController#show as */*
  Parameters: {"id"=>"1"}
  [1m[36mPost Load (0.6ms)[0m  [1mSELECT "posts".* FROM "posts" WHERE "posts"."id" = ? LIMIT 1[0m  [["id", "1"]]
  Rendered posts/_post.html.erb (27.7ms)
  Rendered posts/show.html.erb within layouts/application (130.7ms)
Completed 200 OK in 296ms (Views: 258.4ms | ActiveRecord: 3.9ms)


Started GET "/posts/1/mail" for 127.0.0.1 at 2013-10-13 16:22:30 +1300
Processing by PostsController#mail as */*
  Parameters: {"id"=>"1"}
  [1m[35mPost Load (0.2ms)[0m  SELECT "posts".* FROM "posts" WHERE "posts"."id" = ? LIMIT 1  [["id", "1"]]
  Rendered posts/_post.html.erb (8.6ms)
  Rendered post_mailer/presented_email.html.erb within layouts/application (10.9ms)

Sent mail to to@example.com (217.6ms)
Date: Sun, 13 Oct 2013 16:22:34 +1300
From: from@example.com
To: to@example.com
Message-ID: <525a11fac986_472c1a3c19457859@ronald-ubuntu.mail>
Subject: A presented post
Mime-Version: 1.0
Content-Type: text/html;
 charset=UTF-8
Content-Transfer-Encoding: 7bit

<!DOCTYPE html>
<html>
<head>
  <title>Dummy</title>
</head>
<body>

<dl>
  <dt>Environment:</dt>
  <dd id="environment">development</dd>

  <dt>StrongPresenter view context controller:</dt>
  <dd id="controller">PostMailer</dd>

  <dt>Posted:</dt>
  <dd id="posted_date">Today</dd>

  <dt>Built-in helpers:</dt>
  <dd id="truncated">Once upon a...</dd>

  <dt>Built-in private helpers:</dt>
  <dd id="html_escaped">&lt;script&gt;danger&lt;/script&gt;</dd>

  <dt>Helpers from app/helpers:</dt>
  <dd id="hello_world">Hello, world!</dd>

  <dt>Helpers from the controller:</dt>
  <dd id="goodnight_moon">Goodnight, moon!</dd>

  <dt>Path with presenter:</dt>
  <dd id="path_with_presenter">/en/posts/1</dd>

  <dt>Path with model:</dt>
  <dd id="path_with_model">/en/posts/1</dd>

  <dt>Path with id:</dt>
  <dd id="path_with_id">/en/posts/1</dd>

  <dt>URL with presenter:</dt>
  <dd id="url_with_presenter">http://www.example.com:12345/en/posts/1</dd>

  <dt>URL with model:</dt>
  <dd id="url_with_model">http://www.example.com:12345/en/posts/1</dd>

  <dt>URL with id:</dt>
  <dd id="url_with_id">http://www.example.com:12345/en/posts/1</dd>

    <dt>Permit to present:</dt>
    <dd id="permit_to_present">I am permitted</dd>
    <dt>Unpermitted:</dt>
    <dd id="unpermitted">Top Secret</dd>

    <dt>Peek A Boo:</dt>
    <dd id="peekaboo">BOO!</dd>
</dl>



</body>
</html>

  Rendered text template (0.1ms)
Completed 200 OK in 3319ms (Views: 36.5ms | ActiveRecord: 0.2ms)


Started GET "/posts/1" for 127.0.0.1 at 2013-10-13 16:24:46 +1300
Processing by PostsController#show as */*
  Parameters: {"id"=>"1"}
  [1m[36mPost Load (0.3ms)[0m  [1mSELECT "posts".* FROM "posts" WHERE "posts"."id" = ? LIMIT 1[0m  [["id", "1"]]
  Rendered posts/_post.html.erb (172.2ms)
  Rendered posts/show.html.erb within layouts/application (508.6ms)
Completed 200 OK in 1412ms (Views: 958.5ms | ActiveRecord: 309.5ms)


Started GET "/posts/1/mail" for 127.0.0.1 at 2013-10-13 16:24:54 +1300
Processing by PostsController#mail as */*
  Parameters: {"id"=>"1"}
  [1m[35mPost Load (0.2ms)[0m  SELECT "posts".* FROM "posts" WHERE "posts"."id" = ? LIMIT 1  [["id", "1"]]
  Rendered posts/_post.html.erb (4.3ms)
  Rendered post_mailer/presented_email.html.erb within layouts/application (70.2ms)

Sent mail to to@example.com (327.1ms)
Date: Sun, 13 Oct 2013 16:25:02 +1300
From: from@example.com
To: to@example.com
Message-ID: <525a128ee2e5f_475120d3ea831612@ronald-ubuntu.mail>
Subject: A presented post
Mime-Version: 1.0
Content-Type: text/html;
 charset=UTF-8
Content-Transfer-Encoding: 7bit

<!DOCTYPE html>
<html>
<head>
  <title>Dummy</title>
</head>
<body>

<dl>
  <dt>Environment:</dt>
  <dd id="environment">development</dd>

  <dt>StrongPresenter view context controller:</dt>
  <dd id="controller">PostMailer</dd>

  <dt>Posted:</dt>
  <dd id="posted_date">Today</dd>

  <dt>Built-in helpers:</dt>
  <dd id="truncated">Once upon a...</dd>

  <dt>Built-in private helpers:</dt>
  <dd id="html_escaped">&lt;script&gt;danger&lt;/script&gt;</dd>

  <dt>Helpers from app/helpers:</dt>
  <dd id="hello_world">Hello, world!</dd>

  <dt>Helpers from the controller:</dt>
  <dd id="goodnight_moon">Goodnight, moon!</dd>

  <dt>Path with presenter:</dt>
  <dd id="path_with_presenter">/en/posts/1</dd>

  <dt>Path with model:</dt>
  <dd id="path_with_model">/en/posts/1</dd>

  <dt>Path with id:</dt>
  <dd id="path_with_id">/en/posts/1</dd>

  <dt>URL with presenter:</dt>
  <dd id="url_with_presenter">http://www.example.com:12345/en/posts/1</dd>

  <dt>URL with model:</dt>
  <dd id="url_with_model">http://www.example.com:12345/en/posts/1</dd>

  <dt>URL with id:</dt>
  <dd id="url_with_id">http://www.example.com:12345/en/posts/1</dd>

    <dt>Permit to present:</dt>
    <dd id="permit_to_present">I am permitted</dd>
    <dt>Unpermitted:</dt>
    <dd id="unpermitted">Top Secret</dd>

    <dt>Peek A Boo:</dt>
    <dd id="peekaboo">BOO!</dd>
</dl>



</body>
</html>

  Rendered text template (0.1ms)
Completed 200 OK in 8716ms (Views: 85.8ms | ActiveRecord: 0.2ms)
  [1m[36m (182.0ms)[0m  [1mCREATE TABLE "posts" ("id" INTEGER PRIMARY KEY AUTOINCREMENT NOT NULL, "created_at" datetime NOT NULL, "updated_at" datetime NOT NULL) [0m
  [1m[35m (13.1ms)[0m  CREATE TABLE "schema_migrations" ("version" varchar(255) NOT NULL) 
  [1m[36m (18.8ms)[0m  [1mCREATE UNIQUE INDEX "unique_schema_migrations" ON "schema_migrations" ("version")[0m
  [1m[35m (0.2ms)[0m  SELECT version FROM "schema_migrations"
  [1m[36m (17.6ms)[0m  [1mINSERT INTO "schema_migrations" (version) VALUES ('20121019115657')[0m
  [1m[35mActiveRecord::SchemaMigration Load (0.5ms)[0m  SELECT "schema_migrations".* FROM "schema_migrations"
  [1m[36mSQL (49.4ms)[0m  [1mDELETE FROM "posts"[0m
  [1m[35m (0.2ms)[0m  begin transaction
  [1m[36mSQL (211.2ms)[0m  [1mINSERT INTO "posts" ("created_at", "id", "updated_at") VALUES (?, ?, ?)[0m  [["created_at", Sun, 13 Oct 2013 03:28:50 UTC +00:00], ["id", 1], ["updated_at", Sun, 13 Oct 2013 03:28:50 UTC +00:00]]
  [1m[35m (61.9ms)[0m  commit transaction


Started GET "/posts/1" for 127.0.0.1 at 2013-10-13 16:29:43 +1300
Processing by PostsController#show as */*
  Parameters: {"id"=>"1"}
  [1m[36mPost Load (0.3ms)[0m  [1mSELECT "posts".* FROM "posts" WHERE "posts"."id" = ? LIMIT 1[0m  [["id", "1"]]
  Rendered posts/_post.html.erb (40.4ms)
  Rendered posts/show.html.erb within layouts/application (246.8ms)
Completed 200 OK in 473ms (Views: 442.5ms | ActiveRecord: 7.5ms)


Started GET "/posts/1/mail" for 127.0.0.1 at 2013-10-13 16:29:46 +1300
Processing by PostsController#mail as */*
  Parameters: {"id"=>"1"}
  [1m[35mPost Load (0.3ms)[0m  SELECT "posts".* FROM "posts" WHERE "posts"."id" = ? LIMIT 1  [["id", "1"]]
  Rendered posts/_post.html.erb (14.3ms)
  Rendered post_mailer/presented_email.html.erb within layouts/application (16.0ms)

Sent mail to to@example.com (145.8ms)
Date: Sun, 13 Oct 2013 16:29:50 +1300
From: from@example.com
To: to@example.com
Message-ID: <525a13ae6d4b6_47db1888cd069312@ronald-ubuntu.mail>
Subject: A presented post
Mime-Version: 1.0
Content-Type: text/html;
 charset=UTF-8
Content-Transfer-Encoding: 7bit

<!DOCTYPE html>
<html>
<head>
  <title>Dummy</title>
</head>
<body>

<dl>
  <dt>Environment:</dt>
  <dd id="environment">development</dd>

  <dt>StrongPresenter view context controller:</dt>
  <dd id="controller">PostMailer</dd>

  <dt>Posted:</dt>
  <dd id="posted_date">Today</dd>

  <dt>Built-in helpers:</dt>
  <dd id="truncated">Once upon a...</dd>

  <dt>Built-in private helpers:</dt>
  <dd id="html_escaped">&lt;script&gt;danger&lt;/script&gt;</dd>

  <dt>Helpers from app/helpers:</dt>
  <dd id="hello_world">Hello, world!</dd>

  <dt>Helpers from the controller:</dt>
  <dd id="goodnight_moon">Goodnight, moon!</dd>

  <dt>Path with presenter:</dt>
  <dd id="path_with_presenter">/en/posts/1</dd>

  <dt>Path with model:</dt>
  <dd id="path_with_model">/en/posts/1</dd>

  <dt>Path with id:</dt>
  <dd id="path_with_id">/en/posts/1</dd>

  <dt>URL with presenter:</dt>
  <dd id="url_with_presenter">http://www.example.com:12345/en/posts/1</dd>

  <dt>URL with model:</dt>
  <dd id="url_with_model">http://www.example.com:12345/en/posts/1</dd>

  <dt>URL with id:</dt>
  <dd id="url_with_id">http://www.example.com:12345/en/posts/1</dd>

    <dt>Permit to present:</dt>
    <dd id="permit_to_present">I am permitted</dd>
    <dt>Unpermitted:</dt>
    <dd id="unpermitted">Top Secret</dd>

    <dt>Peek A Boo:</dt>
    <dd id="peekaboo">BOO!</dd>
</dl>



</body>
</html>

  Rendered text template (0.0ms)
Completed 200 OK in 3760ms (Views: 17.6ms | ActiveRecord: 0.3ms)
